
Showing logs for build [32mcb-kubecd-bdd-nh-1592515499-mas-4bvrq-1[0m stage [32mfrom-build-pack[0m and container [32mstep-credential-initializer-4mjqd[0m
{"level":"info","ts":1592516329.2862663,"logger":"fallback-logger","caller":"logging/config.go:69","msg":"Fetch GitHub commit ID from kodata failed: open /var/run/ko/refs/heads/0.8.0-ns-support: no such file or directory"}
{"level":"info","ts":1592516329.2867863,"logger":"fallback-logger","caller":"creds-init/main.go:40","msg":"Credentials initialized."}

Showing logs for build [32mcb-kubecd-bdd-nh-1592515499-mas-4bvrq-1[0m stage [32mfrom-build-pack[0m and container [32mstep-working-dir-initializer-wq7wj[0m
{"level":"info","ts":1592516330.6069703,"logger":"fallback-logger","caller":"logging/config.go:69","msg":"Fetch GitHub commit ID from kodata failed: open /var/run/ko/HEAD: no such file or directory"}
{"level":"info","ts":1592516330.6099548,"logger":"fallback-logger","caller":"bash/main.go:64","msg":"Successfully executed command \"sh -c mkdir -p /workspace/source\"; output "}

Showing logs for build [32mcb-kubecd-bdd-nh-1592515499-mas-4bvrq-1[0m stage [32mfrom-build-pack[0m and container [32mstep-place-tools[0m

Showing logs for build [32mcb-kubecd-bdd-nh-1592515499-mas-4bvrq-1[0m stage [32mfrom-build-pack[0m and container [32mstep-git-source-cb-kubecd-bdd-nh-1592515499-mas-4bvrq-6wvp5[0m
{"level":"info","ts":1592516359.7107515,"logger":"fallback-logger","caller":"logging/config.go:69","msg":"Fetch GitHub commit ID from kodata failed: open /var/run/ko/refs/heads/0.8.0-ns-support: no such file or directory"}
{"level":"info","ts":1592516360.8423336,"logger":"fallback-logger","caller":"git/git.go:103","msg":"Successfully cloned https://github.com/cb-kubecd/bdd-nh-1592515499.git @ v0.0.1 in path /workspace/source"}

Showing logs for build [32mcb-kubecd-bdd-nh-1592515499-mas-4bvrq-1[0m stage [32mfrom-build-pack[0m and container [32mstep-git-merge[0m
Using SHAs from PULL_REFS=master:ea0520c1fd1e87cd4c0cf8e388021835974421b0
WARNING: no SHAs to merge, falling back to initial cloned commit

Showing logs for build [32mcb-kubecd-bdd-nh-1592515499-mas-4bvrq-1[0m stage [32mfrom-build-pack[0m and container [32mstep-setup-jx-git-credentials[0m
Generated Git credentials file /workspace/xdg_config/git/credentials

Showing logs for build [32mcb-kubecd-bdd-nh-1592515499-mas-4bvrq-1[0m stage [32mfrom-build-pack[0m and container [32mstep-build-npmrc[0m
WARNING: failed to find Secret npm-token in namespace **

Showing logs for build [32mcb-kubecd-bdd-nh-1592515499-mas-4bvrq-1[0m stage [32mfrom-build-pack[0m and container [32mstep-build-npm-install[0m
npm notice created a lockfile as package-lock.json. You should commit this file.
npm WARN REPLACE_ME@1.0.0 No repository field.
npm WARN REPLACE_ME@1.0.0 No license field.

up to date in 0.418s
found 0 vulnerabilities


Showing logs for build [32mcb-kubecd-bdd-nh-1592515499-mas-4bvrq-1[0m stage [32mfrom-build-pack[0m and container [32mstep-build-npm-test[0m

> REPLACE_ME@1.0.0 test /workspace/source
> echo "no test specified" && exit 0

no test specified

Showing logs for build [32mcb-kubecd-bdd-nh-1592515499-mas-4bvrq-1[0m stage [32mfrom-build-pack[0m and container [32mstep-build-container-build[0m
E0618 21:39:25.604526       9 aws_credentials.go:77] while getting AWS credentials NoCredentialProviders: no valid providers in chain. Deprecated.
	For verbose messaging see aws.Config.CredentialsChainVerboseErrors
[36mINFO[0m[0000] Using dockerignore file: /workspace/source/.dockerignore 
[36mINFO[0m[0000] Retrieving image manifest node:9-slim        
E0618 21:39:25.940910       9 metadata.go:154] while reading 'google-dockercfg' metadata: http status code: 404 while fetching url http://metadata.google.internal./computeMetadata/v1/instance/attributes/google-dockercfg
E0618 21:39:25.943748       9 metadata.go:166] while reading 'google-dockercfg-url' metadata: http status code: 404 while fetching url http://metadata.google.internal./computeMetadata/v1/instance/attributes/google-dockercfg-url
[36mINFO[0m[0002] Retrieving image manifest node:9-slim        
[36mINFO[0m[0003] Built cross stage deps: map[]                
[36mINFO[0m[0003] Retrieving image manifest node:9-slim        
[36mINFO[0m[0004] Retrieving image manifest node:9-slim        
[36mINFO[0m[0005] Executing 0 build triggers                   
[36mINFO[0m[0005] cmd: EXPOSE                                  
[36mINFO[0m[0005] Adding exposed port: 8080/tcp                
[36mINFO[0m[0005] Checking for cached layer gcr.io/jenkins-x-bdd3/cache:df6d550b153663721fa7242138715893ad7bfbcb52fa62923a990e0aff85407b... 
[36mINFO[0m[0005] No cached layer found for cmd COPY . .       
[36mINFO[0m[0005] Unpacking rootfs as cmd COPY . . requires it. 
[36mINFO[0m[0010] ENV PORT 8080                                
[36mINFO[0m[0010] No files changed in this command, skipping snapshotting. 
[36mINFO[0m[0010] EXPOSE 8080                                  
[36mINFO[0m[0010] cmd: EXPOSE                                  
[36mINFO[0m[0010] Adding exposed port: 8080/tcp                
[36mINFO[0m[0010] No files changed in this command, skipping snapshotting. 
[36mINFO[0m[0010] WORKDIR /usr/src/app                         
[36mINFO[0m[0010] cmd: workdir                                 
[36mINFO[0m[0010] Changed working directory to /usr/src/app    
[36mINFO[0m[0010] Creating directory /usr/src/app              
[36mINFO[0m[0010] Resolving 1 paths                            
[36mINFO[0m[0010] Taking snapshot of files...                  
[36mINFO[0m[0010] COPY . .                                     
[36mINFO[0m[0010] Resolving 131 paths                          
[36mINFO[0m[0010] Taking snapshot of files...                  
[36mINFO[0m[0010] CMD ["npm", "start"]                         
[36mINFO[0m[0010] Pushing layer gcr.io/jenkins-x-bdd3/cache:df6d550b153663721fa7242138715893ad7bfbcb52fa62923a990e0aff85407b to cache now 
[36mINFO[0m[0010] No files changed in this command, skipping snapshotting. 

Showing logs for build [32mcb-kubecd-bdd-nh-1592515499-mas-4bvrq-1[0m stage [32mfrom-build-pack[0m and container [32mstep-build-post-build[0m
no CVE provider running in the current ** namespace so skip adding image to be analysed

Showing logs for build [32mcb-kubecd-bdd-nh-1592515499-mas-4bvrq-1[0m stage [32mfrom-build-pack[0m and container [32mstep-promote-changelog[0m
Converted /workspace/source/charts/bdd-nh-1592515499 to an unshallow repository
Generating change log from git ref 624eb2cf7b7c95040fab96b0fa05151a4881f7c6 => 9f4081bcc7f4b22fa84c31c32ed77c4cc4d28383
Associating user x-0 in users.jenkins.io with email c**d-bot@cloudbees.com to git GitProvider user with login -0 as emails match
Adding label jenkins.io/git-github-userid=-0 to user x-0 in users.jenkins.io
WARNING: Failed to enrich commit ea0520c1fd1e87cd4c0cf8e388021835974421b0 with issues: User.jenkins.io "x-0" is invalid: metadata.labels: Invalid value: "-0": a valid label must be an empty string or consist of alphanumeric characters, '-', '_' or '.', and must start and end with an alphanumeric character (e.g. 'MyValue',  or 'my_value',  or '12345', regex used for validation is '(([A-Za-z0-9][-A-Za-z0-9_.]*)?[A-Za-z0-9])?')
Finding issues in commit messages using git format
WARNING: No release found for cb-kubecd/bdd-nh-1592515499 and tag v0.0.1 so creating a new release
Updated the release information at https://github.com/cb-kubecd/bdd-nh-1592515499/releases/tag/v0.0.1
generated: /workspace/source/charts/bdd-nh-1592515499/templates/release.yaml
Created Release bdd-nh-1592515499-0-0-1 resource in namespace **
Updating PipelineActivity cb-kubecd-bdd-nh-1592515499-master-1 with version 0.0.1
Updated PipelineActivities cb-kubecd-bdd-nh-1592515499-master-1 with release notes URL: https://github.com/cb-kubecd/bdd-nh-1592515499/releases/tag/v0.0.1

Showing logs for build [32mcb-kubecd-bdd-nh-1592515499-mas-4bvrq-1[0m stage [32mfrom-build-pack[0m and container [32mstep-promote-helm-release[0m
WARNING: No $CHART_REPOSITORY defined so using the default value of: http://jenkins-x-chartmuseum:8080
Adding missing Helm repo: storage.googleapis.com https://storage.googleapis.com/chartmuseum.jenkins-x.io
WARNING: No secrets found on "helm/repos" due: reading the secret "helm/repos" from vault: no secret "helm/repos" not found in vault
Read credentials for https://storage.googleapis.com/chartmuseum.jenkins-x.io from vault helm/repos
Successfully added Helm repository storage.googleapis.com.
Adding missing Helm repo: jenkins-x-chartmuseum http://jenkins-x-chartmuseum:8080
WARNING: No secrets found on "helm/repos" due: reading the secret "helm/repos" from vault: no secret "helm/repos" not found in vault
Read credentials for http://jenkins-x-chartmuseum:8080 from vault helm/repos
Successfully added Helm repository jenkins-x-chartmuseum.
WARNING: No $CHART_REPOSITORY defined so using the default value of: http://jenkins-x-chartmuseum:8080
Uploading chart file bdd-nh-1592515499-0.0.1.tgz to http://jenkins-x-chartmuseum:8080/api/charts
Received 201 response: {"saved":true}

Showing logs for build [32mcb-kubecd-bdd-nh-1592515499-mas-4bvrq-1[0m stage [32mfrom-build-pack[0m and container [32mstep-promote-jx-promote[0m
WARNING: prow based install so skip waiting for the merge of Pull Requests to go green as currently there is an issue with gettingstatuses from the PR, see https://github.com/jenkins-x/**/issues/2410
WARNING: No $CHART_REPOSITORY defined so using the default value of: http://jenkins-x-chartmuseum:8080
Promoting app bdd-nh-1592515499 version 0.0.1 to namespace **-staging
WARNING: Waiting for the fork of *************/environment-pr-575-6-bdd-frontend-staging to appear...
Forked Git repository to https://github.com/c**d-bot-test/environment-pr-575-6-bdd-frontend-staging
Created Pull Request: https://github.com/cb-kubecd/environment-pr-575-6-bdd-frontend-staging/pull/1
Added label updatebot to Pull Request https://github.com/cb-kubecd/environment-pr-575-6-bdd-frontend-staging/pull/1
got git provider status pending from PR https://github.com/cb-kubecd/environment-pr-575-6-bdd-frontend-staging/pull/1
got git provider status pending from PR https://github.com/cb-kubecd/environment-pr-575-6-bdd-frontend-staging/pull/1
got git provider status pending from PR https://github.com/cb-kubecd/environment-pr-575-6-bdd-frontend-staging/pull/1
got git provider status pending from PR https://github.com/cb-kubecd/environment-pr-575-6-bdd-frontend-staging/pull/1
Pull Request https://github.com/cb-kubecd/environment-pr-575-6-bdd-frontend-staging/pull/1 is merged at sha b307d3ae7ba0465b0c46772fe25c58ae6090c81a
Pull Request merged but we are not waiting for the update pipeline to complete!
WARNING: Could not find the service URL in namespace **-staging for names bdd-nh-1592515499, **-bdd-nh-1592515499, **-staging-bdd-nh-1592515499
